<?xml version="1.0" encoding="UTF-8"?>
<!-- Generated by org.testng.reporters.JUnitXMLReporter -->
<testsuite ignored="1" hostname="LAPTOP-ICF8JRD8" failures="0" tests="37" name="Test" time="4.377" errors="0" timestamp="2022-10-09T01:34:34 IST">
  <testcase classname="Testng_annotations.Priority_keyword1" name="@BeforeMethod setup" time="1.815">
    <failure type="org.openqa.selenium.WebDriverException" message="unknown error: net::ERR_INTERNET_DISCONNECTED
  (Session info: chrome=105.0.5195.127)
Build info: version: &amp;apos;4.3.0&amp;apos;, revision: &amp;apos;a4995e2c09*&amp;apos;
System info: host: &amp;apos;LAPTOP-ICF8JRD8&amp;apos;, ip: &amp;apos;127.0.0.1&amp;apos;, os.name: &amp;apos;Windows 11&amp;apos;, os.arch: &amp;apos;amd64&amp;apos;, os.version: &amp;apos;10.0&amp;apos;, java.version: &amp;apos;18.0.1.1&amp;apos;
Driver info: org.openqa.selenium.chrome.ChromeDriver
Command: [3758d92f458fd9743a36b3954329bfff, get {url=https://kite.zerodha.com/}]
Capabilities {acceptInsecureCerts: false, browserName: chrome, browserVersion: 105.0.5195.127, chrome: {chromedriverVersion: 105.0.5195.52 (412c95e51883..., userDataDir: C:\Users\YOGESH~1\AppData\L...}, goog:chromeOptions: {debuggerAddress: localhost:53130}, networkConnectionEnabled: false, pageLoadStrategy: normal, platformName: WINDOWS, proxy: Proxy(), se:cdp: ws://localhost:53130/devtoo..., se:cdpVersion: 105.0.5195.127, setWindowRect: true, strictFileInteractability: false, timeouts: {implicit: 0, pageLoad: 300000, script: 30000}, unhandledPromptBehavior: dismiss and notify, webauthn:extension:credBlob: true, webauthn:extension:largeBlob: true, webauthn:virtualAuthenticators: true}
Session ID: 3758d92f458fd9743a36b3954329bfff">
      <![CDATA[org.openqa.selenium.WebDriverException: unknown error: net::ERR_INTERNET_DISCONNECTED
  (Session info: chrome=105.0.5195.127)
Build info: version: '4.3.0', revision: 'a4995e2c09*'
System info: host: 'LAPTOP-ICF8JRD8', ip: '127.0.0.1', os.name: 'Windows 11', os.arch: 'amd64', os.version: '10.0', java.version: '18.0.1.1'
Driver info: org.openqa.selenium.chrome.ChromeDriver
Command: [3758d92f458fd9743a36b3954329bfff, get {url=https://kite.zerodha.com/}]
Capabilities {acceptInsecureCerts: false, browserName: chrome, browserVersion: 105.0.5195.127, chrome: {chromedriverVersion: 105.0.5195.52 (412c95e51883..., userDataDir: C:\Users\YOGESH~1\AppData\L...}, goog:chromeOptions: {debuggerAddress: localhost:53130}, networkConnectionEnabled: false, pageLoadStrategy: normal, platformName: WINDOWS, proxy: Proxy(), se:cdp: ws://localhost:53130/devtoo..., se:cdpVersion: 105.0.5195.127, setWindowRect: true, strictFileInteractability: false, timeouts: {implicit: 0, pageLoad: 300000, script: 30000}, unhandledPromptBehavior: dismiss and notify, webauthn:extension:credBlob: true, webauthn:extension:largeBlob: true, webauthn:virtualAuthenticators: true}
Session ID: 3758d92f458fd9743a36b3954329bfff
at org.openqa.selenium.remote.codec.w3c.W3CHttpResponseCodec.createException(W3CHttpResponseCodec.java:200)
at org.openqa.selenium.remote.codec.w3c.W3CHttpResponseCodec.decode(W3CHttpResponseCodec.java:133)
at org.openqa.selenium.remote.codec.w3c.W3CHttpResponseCodec.decode(W3CHttpResponseCodec.java:53)
at org.openqa.selenium.remote.HttpCommandExecutor.execute(HttpCommandExecutor.java:184)
at org.openqa.selenium.remote.service.DriverCommandExecutor.invokeExecute(DriverCommandExecutor.java:167)
at org.openqa.selenium.remote.service.DriverCommandExecutor.execute(DriverCommandExecutor.java:142)
at org.openqa.selenium.remote.RemoteWebDriver.execute(RemoteWebDriver.java:569)
at org.openqa.selenium.remote.RemoteWebDriver.get(RemoteWebDriver.java:332)
at Testng_annotations.Priority_keyword1.setup(Priority_keyword1.java:30)
at java.base/java.util.ArrayList.forEach(ArrayList.java:1511)
... Removed 32 stack frames]]>
    </failure>
  </testcase> <!-- @BeforeMethod setup -->
  <testcase classname="Testng_annotations.Priority_keyword1" name="@AfterMethod teardown" time="-1.665259471574E9">
    <skipped/>
  </testcase> <!-- @AfterMethod teardown -->
  <testcase classname="Testng_annotations.Priority_keyword1" name="@BeforeMethod setup" time="-1.665259471578E9">
    <skipped/>
  </testcase> <!-- @BeforeMethod setup -->
  <testcase classname="Testng_annotations.Priority_keyword1" name="@AfterMethod teardown" time="-1.665259471582E9">
    <skipped/>
  </testcase> <!-- @AfterMethod teardown -->
  <testcase classname="Testng_annotations.Priority_keyword1" name="@BeforeMethod setup" time="-1.665259471584E9">
    <skipped/>
  </testcase> <!-- @BeforeMethod setup -->
  <testcase classname="Testng_annotations.Priority_keyword1" name="@AfterMethod teardown" time="-1.665259471593E9">
    <skipped/>
  </testcase> <!-- @AfterMethod teardown -->
  <testcase classname="Testng_annotations.groups_keyword5" name="@BeforeMethod setup" time="1.134">
    <failure type="org.openqa.selenium.WebDriverException" message="unknown error: net::ERR_INTERNET_DISCONNECTED
  (Session info: chrome=105.0.5195.127)
Build info: version: &amp;apos;4.3.0&amp;apos;, revision: &amp;apos;a4995e2c09*&amp;apos;
System info: host: &amp;apos;LAPTOP-ICF8JRD8&amp;apos;, ip: &amp;apos;127.0.0.1&amp;apos;, os.name: &amp;apos;Windows 11&amp;apos;, os.arch: &amp;apos;amd64&amp;apos;, os.version: &amp;apos;10.0&amp;apos;, java.version: &amp;apos;18.0.1.1&amp;apos;
Driver info: org.openqa.selenium.chrome.ChromeDriver
Command: [c17d82031981e7b1c1a88dc5c0a4bbb9, get {url=https://kite.zerodha.com/}]
Capabilities {acceptInsecureCerts: false, browserName: chrome, browserVersion: 105.0.5195.127, chrome: {chromedriverVersion: 105.0.5195.52 (412c95e51883..., userDataDir: C:\Users\YOGESH~1\AppData\L...}, goog:chromeOptions: {debuggerAddress: localhost:53143}, networkConnectionEnabled: false, pageLoadStrategy: normal, platformName: WINDOWS, proxy: Proxy(), se:cdp: ws://localhost:53143/devtoo..., se:cdpVersion: 105.0.5195.127, setWindowRect: true, strictFileInteractability: false, timeouts: {implicit: 0, pageLoad: 300000, script: 30000}, unhandledPromptBehavior: dismiss and notify, webauthn:extension:credBlob: true, webauthn:extension:largeBlob: true, webauthn:virtualAuthenticators: true}
Session ID: c17d82031981e7b1c1a88dc5c0a4bbb9">
      <![CDATA[org.openqa.selenium.WebDriverException: unknown error: net::ERR_INTERNET_DISCONNECTED
  (Session info: chrome=105.0.5195.127)
Build info: version: '4.3.0', revision: 'a4995e2c09*'
System info: host: 'LAPTOP-ICF8JRD8', ip: '127.0.0.1', os.name: 'Windows 11', os.arch: 'amd64', os.version: '10.0', java.version: '18.0.1.1'
Driver info: org.openqa.selenium.chrome.ChromeDriver
Command: [c17d82031981e7b1c1a88dc5c0a4bbb9, get {url=https://kite.zerodha.com/}]
Capabilities {acceptInsecureCerts: false, browserName: chrome, browserVersion: 105.0.5195.127, chrome: {chromedriverVersion: 105.0.5195.52 (412c95e51883..., userDataDir: C:\Users\YOGESH~1\AppData\L...}, goog:chromeOptions: {debuggerAddress: localhost:53143}, networkConnectionEnabled: false, pageLoadStrategy: normal, platformName: WINDOWS, proxy: Proxy(), se:cdp: ws://localhost:53143/devtoo..., se:cdpVersion: 105.0.5195.127, setWindowRect: true, strictFileInteractability: false, timeouts: {implicit: 0, pageLoad: 300000, script: 30000}, unhandledPromptBehavior: dismiss and notify, webauthn:extension:credBlob: true, webauthn:extension:largeBlob: true, webauthn:virtualAuthenticators: true}
Session ID: c17d82031981e7b1c1a88dc5c0a4bbb9
at org.openqa.selenium.remote.codec.w3c.W3CHttpResponseCodec.createException(W3CHttpResponseCodec.java:200)
at org.openqa.selenium.remote.codec.w3c.W3CHttpResponseCodec.decode(W3CHttpResponseCodec.java:133)
at org.openqa.selenium.remote.codec.w3c.W3CHttpResponseCodec.decode(W3CHttpResponseCodec.java:53)
at org.openqa.selenium.remote.HttpCommandExecutor.execute(HttpCommandExecutor.java:184)
at org.openqa.selenium.remote.service.DriverCommandExecutor.invokeExecute(DriverCommandExecutor.java:167)
at org.openqa.selenium.remote.service.DriverCommandExecutor.execute(DriverCommandExecutor.java:142)
at org.openqa.selenium.remote.RemoteWebDriver.execute(RemoteWebDriver.java:569)
at org.openqa.selenium.remote.RemoteWebDriver.get(RemoteWebDriver.java:332)
at Testng_annotations.groups_keyword5.setup(groups_keyword5.java:25)
at java.base/java.util.ArrayList.forEach(ArrayList.java:1511)
... Removed 32 stack frames]]>
    </failure>
  </testcase> <!-- @BeforeMethod setup -->
  <testcase classname="Testng_annotations.groups_keyword5" name="@AfterMethod teardown" time="-1.66525947276E9">
    <skipped/>
  </testcase> <!-- @AfterMethod teardown -->
  <testcase classname="Testng_annotations.groups_keyword5" name="@BeforeMethod setup" time="-1.665259472763E9">
    <skipped/>
  </testcase> <!-- @BeforeMethod setup -->
  <testcase classname="Testng_annotations.groups_keyword5" name="@AfterMethod teardown" time="-1.665259472766E9">
    <skipped/>
  </testcase> <!-- @AfterMethod teardown -->
  <testcase classname="Testng_annotations.groups_keyword5" name="@BeforeMethod setup" time="-1.665259472768E9">
    <skipped/>
  </testcase> <!-- @BeforeMethod setup -->
  <testcase classname="Testng_annotations.groups_keyword5" name="@AfterMethod teardown" time="-1.665259472774E9">
    <skipped/>
  </testcase> <!-- @AfterMethod teardown -->
  <testcase classname="Testng_annotations.groups_keyword5" name="@BeforeMethod setup" time="-1.665259472775E9">
    <skipped/>
  </testcase> <!-- @BeforeMethod setup -->
  <testcase classname="Testng_annotations.groups_keyword5" name="@AfterMethod teardown" time="-1.665259472779E9">
    <skipped/>
  </testcase> <!-- @AfterMethod teardown -->
  <testcase classname="Testng_annotations.groups_keyword5" name="@BeforeMethod setup" time="-1.665259472781E9">
    <skipped/>
  </testcase> <!-- @BeforeMethod setup -->
  <testcase classname="Testng_annotations.groups_keyword5" name="@AfterMethod teardown" time="-1.665259472783E9">
    <skipped/>
  </testcase> <!-- @AfterMethod teardown -->
  <testcase classname="Testng_annotations.groups_keyword5" name="@BeforeMethod setup" time="-1.665259472785E9">
    <skipped/>
  </testcase> <!-- @BeforeMethod setup -->
  <testcase classname="Testng_annotations.groups_keyword5" name="@AfterMethod teardown" time="-1.665259472791E9">
    <skipped/>
  </testcase> <!-- @AfterMethod teardown -->
  <testcase classname="Testng_annotations.enabled_keyword2" name="@BeforeMethod setup" time="1.208">
    <failure type="org.openqa.selenium.WebDriverException" message="unknown error: net::ERR_INTERNET_DISCONNECTED
  (Session info: chrome=105.0.5195.127)
Build info: version: &amp;apos;4.3.0&amp;apos;, revision: &amp;apos;a4995e2c09*&amp;apos;
System info: host: &amp;apos;LAPTOP-ICF8JRD8&amp;apos;, ip: &amp;apos;127.0.0.1&amp;apos;, os.name: &amp;apos;Windows 11&amp;apos;, os.arch: &amp;apos;amd64&amp;apos;, os.version: &amp;apos;10.0&amp;apos;, java.version: &amp;apos;18.0.1.1&amp;apos;
Driver info: org.openqa.selenium.chrome.ChromeDriver
Command: [4f4eadae4bf7f1ed104c1ccfd7ccfaa8, get {url=https://kite.zerodha.com/}]
Capabilities {acceptInsecureCerts: false, browserName: chrome, browserVersion: 105.0.5195.127, chrome: {chromedriverVersion: 105.0.5195.52 (412c95e51883..., userDataDir: C:\Users\YOGESH~1\AppData\L...}, goog:chromeOptions: {debuggerAddress: localhost:53155}, networkConnectionEnabled: false, pageLoadStrategy: normal, platformName: WINDOWS, proxy: Proxy(), se:cdp: ws://localhost:53155/devtoo..., se:cdpVersion: 105.0.5195.127, setWindowRect: true, strictFileInteractability: false, timeouts: {implicit: 0, pageLoad: 300000, script: 30000}, unhandledPromptBehavior: dismiss and notify, webauthn:extension:credBlob: true, webauthn:extension:largeBlob: true, webauthn:virtualAuthenticators: true}
Session ID: 4f4eadae4bf7f1ed104c1ccfd7ccfaa8">
      <![CDATA[org.openqa.selenium.WebDriverException: unknown error: net::ERR_INTERNET_DISCONNECTED
  (Session info: chrome=105.0.5195.127)
Build info: version: '4.3.0', revision: 'a4995e2c09*'
System info: host: 'LAPTOP-ICF8JRD8', ip: '127.0.0.1', os.name: 'Windows 11', os.arch: 'amd64', os.version: '10.0', java.version: '18.0.1.1'
Driver info: org.openqa.selenium.chrome.ChromeDriver
Command: [4f4eadae4bf7f1ed104c1ccfd7ccfaa8, get {url=https://kite.zerodha.com/}]
Capabilities {acceptInsecureCerts: false, browserName: chrome, browserVersion: 105.0.5195.127, chrome: {chromedriverVersion: 105.0.5195.52 (412c95e51883..., userDataDir: C:\Users\YOGESH~1\AppData\L...}, goog:chromeOptions: {debuggerAddress: localhost:53155}, networkConnectionEnabled: false, pageLoadStrategy: normal, platformName: WINDOWS, proxy: Proxy(), se:cdp: ws://localhost:53155/devtoo..., se:cdpVersion: 105.0.5195.127, setWindowRect: true, strictFileInteractability: false, timeouts: {implicit: 0, pageLoad: 300000, script: 30000}, unhandledPromptBehavior: dismiss and notify, webauthn:extension:credBlob: true, webauthn:extension:largeBlob: true, webauthn:virtualAuthenticators: true}
Session ID: 4f4eadae4bf7f1ed104c1ccfd7ccfaa8
at org.openqa.selenium.remote.codec.w3c.W3CHttpResponseCodec.createException(W3CHttpResponseCodec.java:200)
at org.openqa.selenium.remote.codec.w3c.W3CHttpResponseCodec.decode(W3CHttpResponseCodec.java:133)
at org.openqa.selenium.remote.codec.w3c.W3CHttpResponseCodec.decode(W3CHttpResponseCodec.java:53)
at org.openqa.selenium.remote.HttpCommandExecutor.execute(HttpCommandExecutor.java:184)
at org.openqa.selenium.remote.service.DriverCommandExecutor.invokeExecute(DriverCommandExecutor.java:167)
at org.openqa.selenium.remote.service.DriverCommandExecutor.execute(DriverCommandExecutor.java:142)
at org.openqa.selenium.remote.RemoteWebDriver.execute(RemoteWebDriver.java:569)
at org.openqa.selenium.remote.RemoteWebDriver.get(RemoteWebDriver.java:332)
at Testng_annotations.enabled_keyword2.setup(enabled_keyword2.java:29)
at java.base/java.util.ArrayList.forEach(ArrayList.java:1511)
... Removed 32 stack frames]]>
    </failure>
  </testcase> <!-- @BeforeMethod setup -->
  <testcase classname="Testng_annotations.enabled_keyword2" name="@AfterMethod teardown" time="-1.665259474086E9">
    <skipped/>
  </testcase> <!-- @AfterMethod teardown -->
  <testcase classname="Testng_annotations.enabled_keyword2" name="@BeforeMethod setup" time="-1.665259474089E9">
    <skipped/>
  </testcase> <!-- @BeforeMethod setup -->
  <testcase classname="Testng_annotations.enabled_keyword2" name="@AfterMethod teardown" time="-1.665259474093E9">
    <skipped/>
  </testcase> <!-- @AfterMethod teardown -->
  <testcase classname="Testng_annotations.Priority_keyword1" name="logo" time="0.0">
    <skipped/>
  </testcase> <!-- logo -->
  <testcase classname="Testng_annotations.Priority_keyword1" name="loginbutton" time="0.0">
    <skipped/>
  </testcase> <!-- loginbutton -->
  <testcase classname="Testng_annotations.Priority_keyword1" name="logintokite" time="0.0">
    <skipped/>
  </testcase> <!-- logintokite -->
  <testcase classname="Testng_annotations.dependsOnMethods_keyword3" name="loginpage" time="0.001"/>
  <testcase classname="Testng_annotations.dependsOnMethods_keyword3" name="homepage" time="0.001"/>
  <testcase classname="Testng_annotations.dependsOnMethods_keyword3" name="serchpage" time="0.006"/>
  <testcase classname="Testng_annotations.dependsOnMethods_keyword3" name="titlepage" time="0.002"/>
  <testcase classname="Testng_annotations.groups_keyword5" name="title" time="0.0">
    <skipped/>
  </testcase> <!-- title -->
  <testcase classname="Testng_annotations.groups_keyword5" name="loginbutton" time="0.0">
    <skipped/>
  </testcase> <!-- loginbutton -->
  <testcase classname="Testng_annotations.groups_keyword5" name="logo" time="0.0">
    <skipped/>
  </testcase> <!-- logo -->
  <testcase classname="Testng_annotations.groups_keyword5" name="test4" time="0.0">
    <skipped/>
  </testcase> <!-- test4 -->
  <testcase classname="Testng_annotations.groups_keyword5" name="test5" time="0.0">
    <skipped/>
  </testcase> <!-- test5 -->
  <testcase classname="Testng_annotations.groups_keyword5" name="test6" time="0.0">
    <skipped/>
  </testcase> <!-- test6 -->
  <testcase classname="Testng_annotations.expectedexceptions_keword7" name="exception" time="0.001"/>
  <testcase classname="Testng_annotations.expectedexceptions_keword7" name="exception1" time="0.002"/>
  <testcase classname="Testng_annotations.invocationCount_keyword4" name="addition" time="0.001"/>
  <testcase classname="Testng_annotations.invocationCount_keyword4" name="addition" time="0.001"/>
  <testcase classname="Testng_annotations.invocationCount_keyword4" name="addition" time="0.002"/>
  <testcase classname="Testng_annotations.invocationCount_keyword4" name="addition" time="0.002"/>
  <testcase classname="Testng_annotations.invocationCount_keyword4" name="addition" time="0.0"/>
  <testcase classname="Testng_annotations.invocationCount_keyword4" name="addition" time="0.001"/>
  <testcase classname="Testng_annotations.invocationCount_keyword4" name="addition" time="0.001"/>
  <testcase classname="Testng_annotations.invocationCount_keyword4" name="addition" time="0.001"/>
  <testcase classname="Testng_annotations.invocationCount_keyword4" name="addition" time="0.001"/>
  <testcase classname="Testng_annotations.invocationCount_keyword4" name="addition" time="0.002"/>
  <testcase classname="Testng_annotations.invocationCount_keyword4" name="addition" time="0.001"/>
  <testcase classname="Testng_annotations.invocationCount_keyword4" name="addition" time="0.001"/>
  <testcase classname="Testng_annotations.invocationCount_keyword4" name="addition" time="0.0"/>
  <testcase classname="Testng_annotations.invocationCount_keyword4" name="addition" time="0.0"/>
  <testcase classname="Testng_annotations.invocationCount_keyword4" name="addition" time="0.0"/>
  <testcase classname="Testng_annotations.invocationCount_keyword4" name="addition" time="0.0"/>
  <testcase classname="Testng_annotations.invocationCount_keyword4" name="addition" time="0.001"/>
  <testcase classname="Testng_annotations.invocationCount_keyword4" name="addition" time="0.0"/>
  <testcase classname="Testng_annotations.invocationCount_keyword4" name="addition" time="0.0"/>
  <testcase classname="Testng_annotations.invocationCount_keyword4" name="addition" time="0.0"/>
  <testcase classname="Testng_annotations.enabled_keyword2" name="forgotuserid" time="0.0">
    <skipped/>
  </testcase> <!-- forgotuserid -->
  <testcase classname="Testng_annotations.enabled_keyword2" name="logo" time="0.0">
    <skipped/>
  </testcase> <!-- logo -->
  <testcase classname="Testng_annotations.enabled_keyword2" name="logintokite" time="0.0">
    <ignored/>
  </testcase> <!-- logintokite -->
</testsuite> <!-- Test -->
