<?xml version="1.0" encoding="UTF-8"?>
<!-- Generated by org.testng.reporters.JUnitXMLReporter -->
<testsuite ignored="0" hostname="LAPTOP-ICF8JRD8" failures="0" tests="3" name="Test" time="2.052" errors="0" timestamp="2022-10-11T01:13:13 IST">
  <testcase classname="Testng_annotations.Priority_keyword1" name="@BeforeMethod setup" time="1.97">
    <failure type="org.openqa.selenium.WebDriverException" message="unknown error: net::ERR_INTERNET_DISCONNECTED
  (Session info: chrome=105.0.5195.127)
Build info: version: &amp;apos;4.3.0&amp;apos;, revision: &amp;apos;a4995e2c09*&amp;apos;
System info: host: &amp;apos;LAPTOP-ICF8JRD8&amp;apos;, ip: &amp;apos;127.0.0.1&amp;apos;, os.name: &amp;apos;Windows 11&amp;apos;, os.arch: &amp;apos;amd64&amp;apos;, os.version: &amp;apos;10.0&amp;apos;, java.version: &amp;apos;18.0.1.1&amp;apos;
Driver info: org.openqa.selenium.chrome.ChromeDriver
Command: [4ef242d8da91fd4a44f1004dc56aa954, get {url=https://kite.zerodha.com/}]
Capabilities {acceptInsecureCerts: false, browserName: chrome, browserVersion: 105.0.5195.127, chrome: {chromedriverVersion: 105.0.5195.52 (412c95e51883..., userDataDir: C:\Users\YOGESH~1\AppData\L...}, goog:chromeOptions: {debuggerAddress: localhost:50816}, networkConnectionEnabled: false, pageLoadStrategy: normal, platformName: WINDOWS, proxy: Proxy(), se:cdp: ws://localhost:50816/devtoo..., se:cdpVersion: 105.0.5195.127, setWindowRect: true, strictFileInteractability: false, timeouts: {implicit: 0, pageLoad: 300000, script: 30000}, unhandledPromptBehavior: dismiss and notify, webauthn:extension:credBlob: true, webauthn:extension:largeBlob: true, webauthn:virtualAuthenticators: true}
Session ID: 4ef242d8da91fd4a44f1004dc56aa954">
      <![CDATA[org.openqa.selenium.WebDriverException: unknown error: net::ERR_INTERNET_DISCONNECTED
  (Session info: chrome=105.0.5195.127)
Build info: version: '4.3.0', revision: 'a4995e2c09*'
System info: host: 'LAPTOP-ICF8JRD8', ip: '127.0.0.1', os.name: 'Windows 11', os.arch: 'amd64', os.version: '10.0', java.version: '18.0.1.1'
Driver info: org.openqa.selenium.chrome.ChromeDriver
Command: [4ef242d8da91fd4a44f1004dc56aa954, get {url=https://kite.zerodha.com/}]
Capabilities {acceptInsecureCerts: false, browserName: chrome, browserVersion: 105.0.5195.127, chrome: {chromedriverVersion: 105.0.5195.52 (412c95e51883..., userDataDir: C:\Users\YOGESH~1\AppData\L...}, goog:chromeOptions: {debuggerAddress: localhost:50816}, networkConnectionEnabled: false, pageLoadStrategy: normal, platformName: WINDOWS, proxy: Proxy(), se:cdp: ws://localhost:50816/devtoo..., se:cdpVersion: 105.0.5195.127, setWindowRect: true, strictFileInteractability: false, timeouts: {implicit: 0, pageLoad: 300000, script: 30000}, unhandledPromptBehavior: dismiss and notify, webauthn:extension:credBlob: true, webauthn:extension:largeBlob: true, webauthn:virtualAuthenticators: true}
Session ID: 4ef242d8da91fd4a44f1004dc56aa954
at org.openqa.selenium.remote.codec.w3c.W3CHttpResponseCodec.createException(W3CHttpResponseCodec.java:200)
at org.openqa.selenium.remote.codec.w3c.W3CHttpResponseCodec.decode(W3CHttpResponseCodec.java:133)
at org.openqa.selenium.remote.codec.w3c.W3CHttpResponseCodec.decode(W3CHttpResponseCodec.java:53)
at org.openqa.selenium.remote.HttpCommandExecutor.execute(HttpCommandExecutor.java:184)
at org.openqa.selenium.remote.service.DriverCommandExecutor.invokeExecute(DriverCommandExecutor.java:167)
at org.openqa.selenium.remote.service.DriverCommandExecutor.execute(DriverCommandExecutor.java:142)
at org.openqa.selenium.remote.RemoteWebDriver.execute(RemoteWebDriver.java:569)
at org.openqa.selenium.remote.RemoteWebDriver.get(RemoteWebDriver.java:332)
at Testng_annotations.Priority_keyword1.setup(Priority_keyword1.java:30)
at java.base/java.util.ArrayList.forEach(ArrayList.java:1511)
... Removed 32 stack frames]]>
    </failure>
  </testcase> <!-- @BeforeMethod setup -->
  <testcase classname="Testng_annotations.Priority_keyword1" name="@AfterMethod teardown" time="-1.665430993796E9">
    <skipped/>
  </testcase> <!-- @AfterMethod teardown -->
  <testcase classname="Testng_annotations.Priority_keyword1" name="@BeforeMethod setup" time="-1.665430993803E9">
    <skipped/>
  </testcase> <!-- @BeforeMethod setup -->
  <testcase classname="Testng_annotations.Priority_keyword1" name="@AfterMethod teardown" time="-1.665430993813E9">
    <skipped/>
  </testcase> <!-- @AfterMethod teardown -->
  <testcase classname="Testng_annotations.Priority_keyword1" name="@BeforeMethod setup" time="-1.665430993817E9">
    <skipped/>
  </testcase> <!-- @BeforeMethod setup -->
  <testcase classname="Testng_annotations.Priority_keyword1" name="@AfterMethod teardown" time="-1.665430993822E9">
    <skipped/>
  </testcase> <!-- @AfterMethod teardown -->
  <testcase classname="Testng_annotations.Priority_keyword1" name="logo" time="0.0">
    <skipped/>
  </testcase> <!-- logo -->
  <testcase classname="Testng_annotations.Priority_keyword1" name="loginbutton" time="0.0">
    <skipped/>
  </testcase> <!-- loginbutton -->
  <testcase classname="Testng_annotations.Priority_keyword1" name="logintokite" time="0.0">
    <skipped/>
  </testcase> <!-- logintokite -->
</testsuite> <!-- Test -->
